# JRE version: OpenJDK Runtime Environment Temurin-17.0.11+9 (17.0.11+9) (build 17.0.11+9)
# Java VM: OpenJDK 64-Bit Server VM Temurin-17.0.11+9 (17.0.11+9, mixed mode, tiered, compressed oops, compressed class ptrs, parallel gc, windows-amd64)
GC Precious Log:
 CPUs: 4 total, 4 available
 Memory: 8028M
 Large Page Support: Disabled
 NUMA Support: Disabled
 Compressed Oops: Enabled (32-bit)
 Alignments: Space 512K, Generation 512K, Heap 2M
 Heap Min Capacity: 100M
 Heap Initial Capacity: 100M
 Heap Max Capacity: 1G
 Pre-touch: Disabled
 Parallel Workers: 4
Heap:
 PSYoungGen      total 25088K, used 24953K [0x00000000eab00000, 0x00000000ec680000, 0x0000000100000000)
  eden space 22016K, 100% used [0x00000000eab00000,0x00000000ec080000,0x00000000ec080000)
  from space 3072K, 95% used [0x00000000ec080000,0x00000000ec35e790,0x00000000ec380000)
  to   space 3072K, 0% used [0x00000000ec380000,0x00000000ec380000,0x00000000ec680000)
 ParOldGen       total 68608K, used 50093K [0x00000000c0000000, 0x00000000c4300000, 0x00000000eab00000)
  object space 68608K, 73% used [0x00000000c0000000,0x00000000c30eb7f8,0x00000000c4300000)
 Metaspace       used 62276K, committed 63552K, reserved 1114112K
  class space    used 6706K, committed 7296K, reserved 1048576K
GC Heap History (20 events):
Event: 8.361 GC heap before
{Heap before GC invocations=21 (full 2):
 PSYoungGen      total 23552K, used 23264K [0x00000000eab00000, 0x00000000ec580000, 0x0000000100000000)
  eden space 22016K, 100% used [0x00000000eab00000,0x00000000ec080000,0x00000000ec080000)
  from space 1536K, 81% used [0x00000000ec400000,0x00000000ec538020,0x00000000ec580000)
  to   space 1536K, 0% used [0x00000000ec280000,0x00000000ec280000,0x00000000ec400000)
 ParOldGen       total 68608K, used 22216K [0x00000000c0000000, 0x00000000c4300000, 0x00000000eab00000)
  object space 68608K, 32% used [0x00000000c0000000,0x00000000c15b21b8,0x00000000c4300000)
 Metaspace       used 54412K, committed 55616K, reserved 1114112K
  class space    used 5861K, committed 6400K, reserved 1048576K
}
Event: 8.365 GC heap after
{Heap after GC invocations=21 (full 2):
 PSYoungGen      total 23552K, used 1504K [0x00000000eab00000, 0x00000000ec880000, 0x0000000100000000)
  eden space 22016K, 0% used [0x00000000eab00000,0x00000000eab00000,0x00000000ec080000)
  from space 1536K, 97% used [0x00000000ec280000,0x00000000ec3f8040,0x00000000ec400000)
  to   space 4096K, 0% used [0x00000000ec480000,0x00000000ec480000,0x00000000ec880000)
 ParOldGen       total 68608K, used 24001K [0x00000000c0000000, 0x00000000c4300000, 0x00000000eab00000)
  object space 68608K, 34% used [0x00000000c0000000,0x00000000c1770540,0x00000000c4300000)
 Metaspace       used 54412K, committed 55616K, reserved 1114112K
  class space    used 5861K, committed 6400K, reserved 1048576K
}
Event: 8.486 GC heap before
{Heap before GC invocations=22 (full 2):
 PSYoungGen      total 23552K, used 23520K [0x00000000eab00000, 0x00000000ec880000, 0x0000000100000000)
  eden space 22016K, 100% used [0x00000000eab00000,0x00000000ec080000,0x00000000ec080000)
  from space 1536K, 97% used [0x00000000ec280000,0x00000000ec3f8040,0x00000000ec400000)
  to   space 4096K, 0% used [0x00000000ec480000,0x00000000ec480000,0x00000000ec880000)
 ParOldGen       total 68608K, used 24001K [0x00000000c0000000, 0x00000000c4300000, 0x00000000eab00000)
  object space 68608K, 34% used [0x00000000c0000000,0x00000000c1770540,0x00000000c4300000)
 Metaspace       used 54514K, committed 55680K, reserved 1114112K
  class space    used 5866K, committed 6400K, reserved 1048576K
}
Event: 8.488 GC heap after
{Heap after GC invocations=22 (full 2):
 PSYoungGen      total 24064K, used 1792K [0x00000000eab00000, 0x00000000ec680000, 0x0000000100000000)
  eden space 22016K, 0% used [0x00000000eab00000,0x00000000eab00000,0x00000000ec080000)
  from space 2048K, 87% used [0x00000000ec480000,0x00000000ec640000,0x00000000ec680000)
  to   space 2560K, 0% used [0x00000000ec180000,0x00000000ec180000,0x00000000ec400000)
 ParOldGen       total 68608K, used 25497K [0x00000000c0000000, 0x00000000c4300000, 0x00000000eab00000)
  object space 68608K, 37% used [0x00000000c0000000,0x00000000c18e6590,0x00000000c4300000)
 Metaspace       used 54514K, committed 55680K, reserved 1114112K
  class space    used 5866K, committed 6400K, reserved 1048576K
}
Event: 8.587 GC heap before
{Heap before GC invocations=23 (full 2):
 PSYoungGen      total 24064K, used 23808K [0x00000000eab00000, 0x00000000ec680000, 0x0000000100000000)
  eden space 22016K, 100% used [0x00000000eab00000,0x00000000ec080000,0x00000000ec080000)
  from space 2048K, 87% used [0x00000000ec480000,0x00000000ec640000,0x00000000ec680000)
  to   space 2560K, 0% used [0x00000000ec180000,0x00000000ec180000,0x00000000ec400000)
 ParOldGen       total 68608K, used 25497K [0x00000000c0000000, 0x00000000c4300000, 0x00000000eab00000)
  object space 68608K, 37% used [0x00000000c0000000,0x00000000c18e6590,0x00000000c4300000)
 Metaspace       used 54622K, committed 55808K, reserved 1114112K
  class space    used 5871K, committed 6400K, reserved 1048576K
}
Event: 8.590 GC heap after
{Heap after GC invocations=23 (full 2):
 PSYoungGen      total 24576K, used 2080K [0x00000000eab00000, 0x00000000ec580000, 0x0000000100000000)
  eden space 22016K, 0% used [0x00000000eab00000,0x00000000eab00000,0x00000000ec080000)
  from space 2560K, 81% used [0x00000000ec180000,0x00000000ec388010,0x00000000ec400000)
  to   space 1536K, 0% used [0x00000000ec400000,0x00000000ec400000,0x00000000ec580000)
 ParOldGen       total 68608K, used 27241K [0x00000000c0000000, 0x00000000c4300000, 0x00000000eab00000)
  object space 68608K, 39% used [0x00000000c0000000,0x00000000c1a9a590,0x00000000c4300000)
 Metaspace       used 54622K, committed 55808K, reserved 1114112K
  class space    used 5871K, committed 6400K, reserved 1048576K
}
Event: 9.171 GC heap before
{Heap before GC invocations=24 (full 2):
 PSYoungGen      total 24576K, used 24096K [0x00000000eab00000, 0x00000000ec580000, 0x0000000100000000)
  eden space 22016K, 100% used [0x00000000eab00000,0x00000000ec080000,0x00000000ec080000)
  from space 2560K, 81% used [0x00000000ec180000,0x00000000ec388010,0x00000000ec400000)
  to   space 1536K, 0% used [0x00000000ec400000,0x00000000ec400000,0x00000000ec580000)
 ParOldGen       total 68608K, used 27241K [0x00000000c0000000, 0x00000000c4300000, 0x00000000eab00000)
  object space 68608K, 39% used [0x00000000c0000000,0x00000000c1a9a590,0x00000000c4300000)
 Metaspace       used 56767K, committed 57920K, reserved 1114112K
  class space    used 6136K, committed 6656K, reserved 1048576K
}
Event: 9.174 GC heap after
{Heap after GC invocations=24 (full 2):
 PSYoungGen      total 23040K, used 888K [0x00000000eab00000, 0x00000000ec500000, 0x0000000100000000)
  eden space 22016K, 0% used [0x00000000eab00000,0x00000000eab00000,0x00000000ec080000)
  from space 1024K, 86% used [0x00000000ec400000,0x00000000ec4de1e8,0x00000000ec500000)
  to   space 1536K, 0% used [0x00000000ec200000,0x00000000ec200000,0x00000000ec380000)
 ParOldGen       total 68608K, used 29916K [0x00000000c0000000, 0x00000000c4300000, 0x00000000eab00000)
  object space 68608K, 43% used [0x00000000c0000000,0x00000000c1d37078,0x00000000c4300000)
 Metaspace       used 56767K, committed 57920K, reserved 1114112K
  class space    used 6136K, committed 6656K, reserved 1048576K
}
Event: 9.723 GC heap before
{Heap before GC invocations=25 (full 2):
 PSYoungGen      total 23040K, used 22904K [0x00000000eab00000, 0x00000000ec500000, 0x0000000100000000)
  eden space 22016K, 100% used [0x00000000eab00000,0x00000000ec080000,0x00000000ec080000)
  from space 1024K, 86% used [0x00000000ec400000,0x00000000ec4de1e8,0x00000000ec500000)
  to   space 1536K, 0% used [0x00000000ec200000,0x00000000ec200000,0x00000000ec380000)
 ParOldGen       total 68608K, used 29916K [0x00000000c0000000, 0x00000000c4300000, 0x00000000eab00000)
  object space 68608K, 43% used [0x00000000c0000000,0x00000000c1d37078,0x00000000c4300000)
 Metaspace       used 58125K, committed 59392K, reserved 1114112K
  class space    used 6326K, committed 6848K, reserved 1048576K
}
Event: 9.725 GC heap after
{Heap after GC invocations=25 (full 2):
 PSYoungGen      total 23552K, used 816K [0x00000000eab00000, 0x00000000ec480000, 0x0000000100000000)
  eden space 22016K, 0% used [0x00000000eab00000,0x00000000eab00000,0x00000000ec080000)
  from space 1536K, 53% used [0x00000000ec200000,0x00000000ec2cc260,0x00000000ec380000)
  to   space 1024K, 0% used [0x00000000ec380000,0x00000000ec380000,0x00000000ec480000)
 ParOldGen       total 68608K, used 30728K [0x00000000c0000000, 0x00000000c4300000, 0x00000000eab00000)
  object space 68608K, 44% used [0x00000000c0000000,0x00000000c1e02200,0x00000000c4300000)
 Metaspace       used 58125K, committed 59392K, reserved 1114112K
  class space    used 6326K, committed 6848K, reserved 1048576K
}
Event: 9.884 GC heap before
{Heap before GC invocations=26 (full 2):
 PSYoungGen      total 23552K, used 8833K [0x00000000eab00000, 0x00000000ec480000, 0x0000000100000000)
  eden space 22016K, 36% used [0x00000000eab00000,0x00000000eb2d42f8,0x00000000ec080000)
  from space 1536K, 53% used [0x00000000ec200000,0x00000000ec2cc260,0x00000000ec380000)
  to   space 1024K, 0% used [0x00000000ec380000,0x00000000ec380000,0x00000000ec480000)
 ParOldGen       total 68608K, used 30728K [0x00000000c0000000, 0x00000000c4300000, 0x00000000eab00000)
  object space 68608K, 44% used [0x00000000c0000000,0x00000000c1e02200,0x00000000c4300000)
 Metaspace       used 58582K, committed 59776K, reserved 1114112K
  class space    used 6374K, committed 6912K, reserved 1048576K
}
Event: 9.885 GC heap after
{Heap after GC invocations=26 (full 2):
 PSYoungGen      total 22528K, used 262K [0x00000000eab00000, 0x00000000ec400000, 0x0000000100000000)
  eden space 22016K, 0% used [0x00000000eab00000,0x00000000eab00000,0x00000000ec080000)
  from space 512K, 51% used [0x00000000ec380000,0x00000000ec3c1940,0x00000000ec400000)
  to   space 512K, 0% used [0x00000000ec300000,0x00000000ec300000,0x00000000ec380000)
 ParOldGen       total 68608K, used 31242K [0x00000000c0000000, 0x00000000c4300000, 0x00000000eab00000)
  object space 68608K, 45% used [0x00000000c0000000,0x00000000c1e82ab0,0x00000000c4300000)
 Metaspace       used 58582K, committed 59776K, reserved 1114112K
  class space    used 6374K, committed 6912K, reserved 1048576K
}
Event: 9.885 GC heap before
{Heap before GC invocations=27 (full 3):
 PSYoungGen      total 22528K, used 262K [0x00000000eab00000, 0x00000000ec400000, 0x0000000100000000)
  eden space 22016K, 0% used [0x00000000eab00000,0x00000000eab00000,0x00000000ec080000)
  from space 512K, 51% used [0x00000000ec380000,0x00000000ec3c1940,0x00000000ec400000)
  to   space 512K, 0% used [0x00000000ec300000,0x00000000ec300000,0x00000000ec380000)
 ParOldGen       total 68608K, used 31242K [0x00000000c0000000, 0x00000000c4300000, 0x00000000eab00000)
  object space 68608K, 45% used [0x00000000c0000000,0x00000000c1e82ab0,0x00000000c4300000)
 Metaspace       used 58582K, committed 59776K, reserved 1114112K
  class space    used 6374K, committed 6912K, reserved 1048576K
}
Event: 9.965 GC heap after
{Heap after GC invocations=27 (full 3):
 PSYoungGen      total 22528K, used 0K [0x00000000eab00000, 0x00000000ec400000, 0x0000000100000000)
  eden space 22016K, 0% used [0x00000000eab00000,0x00000000eab00000,0x00000000ec080000)
  from space 512K, 0% used [0x00000000ec380000,0x00000000ec380000,0x00000000ec400000)
  to   space 512K, 0% used [0x00000000ec300000,0x00000000ec300000,0x00000000ec380000)
 ParOldGen       total 68608K, used 29545K [0x00000000c0000000, 0x00000000c4300000, 0x00000000eab00000)
  object space 68608K, 43% used [0x00000000c0000000,0x00000000c1cda4a8,0x00000000c4300000)
 Metaspace       used 58568K, committed 59776K, reserved 1114112K
  class space    used 6371K, committed 6912K, reserved 1048576K
}
Event: 10.543 GC heap before
{Heap before GC invocations=28 (full 3):
 PSYoungGen      total 22528K, used 22016K [0x00000000eab00000, 0x00000000ec400000, 0x0000000100000000)
  eden space 22016K, 100% used [0x00000000eab00000,0x00000000ec080000,0x00000000ec080000)
  from space 512K, 0% used [0x00000000ec380000,0x00000000ec380000,0x00000000ec400000)
  to   space 512K, 0% used [0x00000000ec300000,0x00000000ec300000,0x00000000ec380000)
 ParOldGen       total 68608K, used 29545K [0x00000000c0000000, 0x00000000c4300000, 0x00000000eab00000)
  object space 68608K, 43% used [0x00000000c0000000,0x00000000c1cda4a8,0x00000000c4300000)
 Metaspace       used 60552K, committed 61696K, reserved 1114112K
  class space    used 6555K, committed 7040K, reserved 1048576K
}
Event: 10.545 GC heap after
{Heap after GC invocations=28 (full 3):
 PSYoungGen      total 22528K, used 509K [0x00000000eab00000, 0x00000000ec480000, 0x0000000100000000)
  eden space 22016K, 0% used [0x00000000eab00000,0x00000000eab00000,0x00000000ec080000)
  from space 512K, 99% used [0x00000000ec300000,0x00000000ec37f4c8,0x00000000ec380000)
  to   space 1024K, 0% used [0x00000000ec380000,0x00000000ec380000,0x00000000ec480000)
 ParOldGen       total 68608K, used 30757K [0x00000000c0000000, 0x00000000c4300000, 0x00000000eab00000)
  object space 68608K, 44% used [0x00000000c0000000,0x00000000c1e09580,0x00000000c4300000)
 Metaspace       used 60552K, committed 61696K, reserved 1114112K
  class space    used 6555K, committed 7040K, reserved 1048576K
}
Event: 11.232 GC heap before
{Heap before GC invocations=29 (full 3):
 PSYoungGen      total 22528K, used 22523K [0x00000000eab00000, 0x00000000ec480000, 0x0000000100000000)
  eden space 22016K, 99% used [0x00000000eab00000,0x00000000ec07f870,0x00000000ec080000)
  from space 512K, 99% used [0x00000000ec300000,0x00000000ec37f4c8,0x00000000ec380000)
  to   space 1024K, 0% used [0x00000000ec380000,0x00000000ec380000,0x00000000ec480000)
 ParOldGen       total 68608K, used 30757K [0x00000000c0000000, 0x00000000c4300000, 0x00000000eab00000)
  object space 68608K, 44% used [0x00000000c0000000,0x00000000c1e09580,0x00000000c4300000)
 Metaspace       used 61531K, committed 62784K, reserved 1114112K
  class space    used 6626K, committed 7168K, reserved 1048576K
}
Event: 11.235 GC heap after
{Heap after GC invocations=29 (full 3):
 PSYoungGen      total 23040K, used 992K [0x00000000eab00000, 0x00000000ec680000, 0x0000000100000000)
  eden space 22016K, 0% used [0x00000000eab00000,0x00000000eab00000,0x00000000ec080000)
  from space 1024K, 96% used [0x00000000ec380000,0x00000000ec4783d8,0x00000000ec480000)
  to   space 3072K, 0% used [0x00000000ec080000,0x00000000ec080000,0x00000000ec380000)
 ParOldGen       total 68608K, used 32467K [0x00000000c0000000, 0x00000000c4300000, 0x00000000eab00000)
  object space 68608K, 47% used [0x00000000c0000000,0x00000000c1fb4c38,0x00000000c4300000)
 Metaspace       used 61531K, committed 62784K, reserved 1114112K
  class space    used 6626K, committed 7168K, reserved 1048576K
}
Event: 11.794 GC heap before
{Heap before GC invocations=30 (full 3):
 PSYoungGen      total 23040K, used 23008K [0x00000000eab00000, 0x00000000ec680000, 0x0000000100000000)
  eden space 22016K, 100% used [0x00000000eab00000,0x00000000ec080000,0x00000000ec080000)
  from space 1024K, 96% used [0x00000000ec380000,0x00000000ec4783d8,0x00000000ec480000)
  to   space 3072K, 0% used [0x00000000ec080000,0x00000000ec080000,0x00000000ec380000)
 ParOldGen       total 68608K, used 32467K [0x00000000c0000000, 0x00000000c4300000, 0x00000000eab00000)
  object space 68608K, 47% used [0x00000000c0000000,0x00000000c1fb4c38,0x00000000c4300000)
 Metaspace       used 62189K, committed 63424K, reserved 1114112K
  class space    used 6705K, committed 7232K, reserved 1048576K
}
Event: 11.799 GC heap after
{Heap after GC invocations=30 (full 3):
 PSYoungGen      total 25088K, used 2937K [0x00000000eab00000, 0x00000000ec680000, 0x0000000100000000)
  eden space 22016K, 0% used [0x00000000eab00000,0x00000000eab00000,0x00000000ec080000)
  from space 3072K, 95% used [0x00000000ec080000,0x00000000ec35e790,0x00000000ec380000)
  to   space 3072K, 0% used [0x00000000ec380000,0x00000000ec380000,0x00000000ec680000)
 ParOldGen       total 68608K, used 34773K [0x00000000c0000000, 0x00000000c4300000, 0x00000000eab00000)
  object space 68608K, 50% used [0x00000000c0000000,0x00000000c21f57e8,0x00000000c4300000)
 Metaspace       used 62189K, committed 63424K, reserved 1114112K
  class space    used 6705K, committed 7232K, reserved 1048576K
}

